<?xml version="1.0" encoding="UTF-8" standalone="no"?>
<testsuite errors="0" failures="1" name="io.cucumber.core.plugin.JUnitFormatter" skipped="0" tests="6" time="34.886">
    <testcase classname="Checkout functionality of basket item added" name="User should be able to perform the checkout and insert their information" time="4.012">
        <system-out><![CDATA[Given I am at the login page................................................passed
And I click the username textbox............................................passed
Then I insert the standard_user username....................................passed
Then I click the password textbox...........................................passed
And I insert the secret_sauce password......................................passed
When I click the login button...............................................passed
Then I should be navigated to the products page.............................passed
Given I am on the product page..............................................passed
When I click the add to cart button for a product...........................passed
And I click the product basket icon.........................................passed
Then I should see the Sauce Labs Backpack product I added to the basket.....passed
Given I am at the checkout page.............................................passed
When I click the checkout button............................................passed
Then I should be navigated to the information page..........................passed
And I click the First Name text box.........................................passed
And I insert the testFirstName firstname....................................passed
And I click the Last Name text box..........................................passed
And I insert the testLastName lastname......................................passed
And I click the Zip/Postal Code textbox.....................................passed
And I insert the testPostalCode zip/postal code.............................passed
When I click the continue button............................................passed
Then I should be navigated to the checkout overview page....................passed
]]></system-out>
    </testcase>
    <testcase classname="Login to SwagLabs site" name="Login to SwagLabs website" time="2.621">
        <system-out><![CDATA[Given I am at the login page................................................passed
And I click the username textbox............................................passed
Then I insert the standard_user username....................................passed
Then I click the password textbox...........................................passed
And I insert the secret_sauce password......................................passed
When I click the login button...............................................passed
Then I should be navigated to the products page.............................passed
]]></system-out>
    </testcase>
    <testcase classname="Login to SwagLabs site" name="Login to SwagLabs website 2" time="7.138">
        <system-out><![CDATA[Given I am at the login page................................................passed
And I click the username textbox............................................passed
Then I insert the performance_glitch_user username..........................passed
Then I click the password textbox...........................................passed
And I insert the secret_sauce password......................................passed
When I click the login button...............................................passed
Then I should be navigated to the products page.............................passed
]]></system-out>
    </testcase>
    <testcase classname="Login to SwagLabs site" name="Login to SwagLabs website 3" time="16.963">
        <failure message="no such element: Unable to locate element: {&quot;method&quot;:&quot;xpath&quot;,&quot;selector&quot;:&quot;//div[@id='header_container']//span[@class='title']&quot;}&#10;  (Session info: headless chrome=95.0.4638.69)&#10;For documentation on this error, please visit: https://selenium.dev/exceptions/#no_such_element&#10;Build info: version: '4.0.0', revision: '3a21814679'&#10;System info: host: 'JUAN-LAP', ip: '192.168.101.103', os.name: 'Windows 10', os.arch: 'amd64', os.version: '10.0', java.version: '17'&#10;Driver info: org.openqa.selenium.chrome.ChromeDriver&#10;Command: [04bc388b2a44538010973a27efc02d78, findElement {using=xpath, value=//div[@id='header_container']//span[@class='title']}]&#10;Capabilities {acceptInsecureCerts: false, browserName: chrome, browserVersion: 95.0.4638.69, chrome: {chromedriverVersion: 95.0.4638.54 (d31a821ec901f..., userDataDir: C:\Users\JUAN~1.BOT\AppData...}, goog:chromeOptions: {debuggerAddress: localhost:56424}, javascriptEnabled: true, networkConnectionEnabled: false, pageLoadStrategy: normal, platform: WINDOWS, platformName: WINDOWS, proxy: Proxy(), se:cdp: ws://localhost:56424/devtoo..., se:cdpVersion: 95.0.4638.69, setWindowRect: true, strictFileInteractability: false, timeouts: {implicit: 0, pageLoad: 300000, script: 30000}, unhandledPromptBehavior: dismiss and notify, webauthn:extension:credBlob: true, webauthn:extension:largeBlob: true, webauthn:virtualAuthenticators: true}&#10;Session ID: 04bc388b2a44538010973a27efc02d78" type="org.openqa.selenium.NoSuchElementException"><![CDATA[Given I am at the login page................................................passed
And I click the username textbox............................................passed
Then I insert the problem_user username.....................................passed
Then I click the password textbox...........................................passed
And I insert the problem_user password......................................passed
When I click the login button...............................................passed
Then I should be navigated to the products page.............................failed

StackTrace:
org.openqa.selenium.NoSuchElementException: no such element: Unable to locate element: {"method":"xpath","selector":"//div[@id='header_container']//span[@class='title']"}
  (Session info: headless chrome=95.0.4638.69)
For documentation on this error, please visit: https://selenium.dev/exceptions/#no_such_element
Build info: version: '4.0.0', revision: '3a21814679'
System info: host: 'JUAN-LAP', ip: '192.168.101.103', os.name: 'Windows 10', os.arch: 'amd64', os.version: '10.0', java.version: '17'
Driver info: org.openqa.selenium.chrome.ChromeDriver
Command: [04bc388b2a44538010973a27efc02d78, findElement {using=xpath, value=//div[@id='header_container']//span[@class='title']}]
Capabilities {acceptInsecureCerts: false, browserName: chrome, browserVersion: 95.0.4638.69, chrome: {chromedriverVersion: 95.0.4638.54 (d31a821ec901f..., userDataDir: C:\Users\JUAN~1.BOT\AppData...}, goog:chromeOptions: {debuggerAddress: localhost:56424}, javascriptEnabled: true, networkConnectionEnabled: false, pageLoadStrategy: normal, platform: WINDOWS, platformName: WINDOWS, proxy: Proxy(), se:cdp: ws://localhost:56424/devtoo..., se:cdpVersion: 95.0.4638.69, setWindowRect: true, strictFileInteractability: false, timeouts: {implicit: 0, pageLoad: 300000, script: 30000}, unhandledPromptBehavior: dismiss and notify, webauthn:extension:credBlob: true, webauthn:extension:largeBlob: true, webauthn:virtualAuthenticators: true}
Session ID: 04bc388b2a44538010973a27efc02d78
	at java.base/jdk.internal.reflect.NativeConstructorAccessorImpl.newInstance0(Native Method)
	at java.base/jdk.internal.reflect.NativeConstructorAccessorImpl.newInstance(NativeConstructorAccessorImpl.java:77)
	at java.base/jdk.internal.reflect.DelegatingConstructorAccessorImpl.newInstance(DelegatingConstructorAccessorImpl.java:45)
	at java.base/java.lang.reflect.Constructor.newInstanceWithCaller(Constructor.java:499)
	at java.base/java.lang.reflect.Constructor.newInstance(Constructor.java:480)
	at org.openqa.selenium.remote.codec.w3c.W3CHttpResponseCodec.createException(W3CHttpResponseCodec.java:200)
	at org.openqa.selenium.remote.codec.w3c.W3CHttpResponseCodec.decode(W3CHttpResponseCodec.java:133)
	at org.openqa.selenium.remote.codec.w3c.W3CHttpResponseCodec.decode(W3CHttpResponseCodec.java:53)
	at org.openqa.selenium.remote.HttpCommandExecutor.execute(HttpCommandExecutor.java:184)
	at org.openqa.selenium.remote.service.DriverCommandExecutor.invokeExecute(DriverCommandExecutor.java:164)
	at org.openqa.selenium.remote.service.DriverCommandExecutor.execute(DriverCommandExecutor.java:139)
	at org.openqa.selenium.remote.RemoteWebDriver.execute(RemoteWebDriver.java:559)
	at org.openqa.selenium.remote.ElementLocation$ElementFinder$2.findElement(ElementLocation.java:162)
	at org.openqa.selenium.remote.ElementLocation.findElement(ElementLocation.java:60)
	at org.openqa.selenium.remote.RemoteWebDriver.findElement(RemoteWebDriver.java:383)
	at org.openqa.selenium.remote.RemoteWebDriver.findElement(RemoteWebDriver.java:375)
	at org.openqa.selenium.support.pagefactory.DefaultElementLocator.findElement(DefaultElementLocator.java:70)
	at org.openqa.selenium.support.pagefactory.internal.LocatingElementHandler.invoke(LocatingElementHandler.java:39)
	at jdk.proxy2/jdk.proxy2.$Proxy24.isDisplayed(Unknown Source)
	at Steps.SdLoginStepDefinition.i_should_be_navigated_to_the_products_page(SdLoginStepDefinition.java:57)
	at âœ½.I should be navigated to the products page(file:///C:/AutomationLocal/Automation/SDETTestProject/src/test/Features/sdLogin.feature:11)
]]></failure>
    </testcase>
    <testcase classname="Login to SwagLabs site" name="Login to SwagLabs website with locked_out_user" time="1.62">
        <system-out><![CDATA[Given I am at the login page................................................passed
And I click the username textbox............................................passed
Then I insert the locked_out_user username..................................passed
Then I click the password textbox...........................................passed
And I insert the secret_sauce password......................................passed
When I click the login button...............................................passed
Then I should see the following error returned Epic sadface: Sorry, this user has been locked out..passed
]]></system-out>
    </testcase>
    <testcase classname="Browse products and add to product to cart" name="Should be able to view and add product to cart" time="2.242">
        <system-out><![CDATA[Given I am at the login page................................................passed
And I click the username textbox............................................passed
Then I insert the standard_user username....................................passed
Then I click the password textbox...........................................passed
And I insert the secret_sauce password......................................passed
Then I click the login button...............................................passed
Given I am on the product page..............................................passed
When I click the add to cart button for a product...........................passed
And I click the product basket icon.........................................passed
Then I should see the Sauce Labs Backpack product I added to the basket.....passed
]]></system-out>
    </testcase>
</testsuite>
